  dx11minimal.cpp
C:\Users\student-1\source\repos\GG\dx11minimal\dx11.h(893,84): warning C4244: 'argument': conversion from 'int' to 'float', possible loss of data
  (compiling source file 'dx11minimal.cpp')
  
C:\Users\student-1\source\repos\GG\dx11minimal\dx11.h(893,77): warning C4244: 'argument': conversion from 'int' to 'float', possible loss of data
  (compiling source file 'dx11minimal.cpp')
  
C:\Users\student-1\source\repos\GG\dx11minimal\dx11.h(895,84): warning C4244: 'argument': conversion from 'int' to 'float', possible loss of data
  (compiling source file 'dx11minimal.cpp')
  
C:\Users\student-1\source\repos\GG\dx11minimal\dx11.h(895,77): warning C4244: 'argument': conversion from 'int' to 'float', possible loss of data
  (compiling source file 'dx11minimal.cpp')
  
C:\Users\student-1\source\repos\GG\dx11minimal\dx11.h(897,84): warning C4244: 'argument': conversion from 'int' to 'float', possible loss of data
  (compiling source file 'dx11minimal.cpp')
  
C:\Users\student-1\source\repos\GG\dx11minimal\dx11.h(897,77): warning C4244: 'argument': conversion from 'int' to 'float', possible loss of data
  (compiling source file 'dx11minimal.cpp')
  
C:\Users\student-1\source\repos\GG\dx11minimal\dx11.h(969,11): warning C4244: 'initializing': conversion from 'double' to 'float', possible loss of data
  (compiling source file 'dx11minimal.cpp')
  
C:\Users\student-1\source\repos\GG\dx11minimal\dx11.h(972,52): warning C4244: 'argument': conversion from 'double' to 'float', possible loss of data
  (compiling source file 'dx11minimal.cpp')
  
C:\Users\student-1\source\repos\GG\dx11minimal\dx11.h(972,37): warning C4244: 'argument': conversion from 'double' to 'float', possible loss of data
  (compiling source file 'dx11minimal.cpp')
  
C:\Users\student-1\source\repos\GG\dx11minimal\dx11.h(980,12): warning C4244: 'initializing': conversion from 'double' to 'float', possible loss of data
  (compiling source file 'dx11minimal.cpp')
  
C:\Users\student-1\source\repos\GG\dx11minimal\dx11.h(1021,25): warning C4244: '=': conversion from 'int' to 'float', possible loss of data
  (compiling source file 'dx11minimal.cpp')
  
C:\Users\student-1\source\repos\GG\dx11minimal\dx11.h(1022,25): warning C4244: '=': conversion from 'int' to 'float', possible loss of data
  (compiling source file 'dx11minimal.cpp')
  
  dx11minimal.vcxproj -> C:\Users\student-1\Source\Repos\GG\x64\Debug\dx11minimal.exe
